

Seed ARG:  0

MODEL :  A5_TOKYO_10_12_30
SEED  :  0
HOST  :  19c994a59e65
START :  2019-04-03 10:12:30.738216
Device:  cpu
Train time: 0:20:35.610857



TOKYO
YEAR	AVG_RWD		VIOLATIONS	EMPTY	FULL
			DAY	BATT
2000	 1.97		0	 0	0	0
2001	 1.97		0	 0	0	0
2002	 1.98		0	 0	0	0
2003	 1.97		0	 0	0	0
2004	 1.89		5	 38	38	0
2005	 1.95		0	 0	0	0
2006	 1.98		0	 0	0	0
2007	 1.91		2	 16	16	0
2008	 1.98		0	 0	0	0
2009	 1.97		0	 0	0	0
2010	 1.96		0	 0	0	0
2011	 1.96		0	 0	0	0
2012	 1.95		0	 0	0	0
2013	 1.98		0	 0	0	0
2014	 1.96		0	 0	0	0
2015	 1.98		0	 0	0	0
2016	 1.97		0	 0	0	0
2017	 1.97		0	 0	0	0
2018	 1.96		0	 0	0	0

TOTAL Day  Violations:   7.0
TOTAL Batt  Violations:  54.0
TOTAL EMPTY Violations:  54.0
TOTAL FULL  Violations:  0.0
************************************

Run time: 0:21:00.593215


Seed ARG:  1

MODEL :  A5_TOKYO_10_12_30
SEED  :  1
HOST  :  19c994a59e65
START :  2019-04-03 10:12:30.796984
Device:  cpu
Train time: 0:20:45.592790



TOKYO
YEAR	AVG_RWD		VIOLATIONS	EMPTY	FULL
			DAY	BATT
2000	 1.89		1	 1	1	0
2001	 1.95		0	 0	0	0
2002	 1.83		0	 0	0	0
2003	 1.88		3	 19	19	0
2004	 1.91		0	 0	0	0
2005	 1.94		0	 0	0	0
2006	 1.89		0	 0	0	0
2007	 1.96		0	 0	0	0
2008	 1.97		0	 0	0	0
2009	 1.92		0	 0	0	0
2010	 1.88		0	 0	0	0
2011	 1.92		0	 0	0	0
2012	 1.92		0	 0	0	0
2013	 1.95		0	 0	0	0
2014	 1.9		0	 0	0	0
2015	 1.95		0	 0	0	0
2016	 1.93		0	 0	0	0
2017	 1.92		0	 0	0	0
2018	 1.96		0	 0	0	0

TOTAL Day  Violations:   4.0
TOTAL Batt  Violations:  20.0
TOTAL EMPTY Violations:  20.0
TOTAL FULL  Violations:  0.0
************************************

Run time: 0:21:10.522983


Seed ARG:  2

MODEL :  A5_TOKYO_10_12_30
SEED  :  2
HOST  :  19c994a59e65
START :  2019-04-03 10:12:30.796984
Device:  cpu
Train time: 0:20:58.184261



TOKYO
YEAR	AVG_RWD		VIOLATIONS	EMPTY	FULL
			DAY	BATT
2000	 1.96		0	 0	0	0
2001	 1.98		0	 0	0	0
2002	 1.94		0	 0	0	0
2003	 1.97		0	 0	0	0
2004	 1.91		2	 9	9	0
2005	 1.96		0	 0	0	0
2006	 1.96		0	 0	0	0
2007	 1.96		0	 0	0	0
2008	 1.97		0	 0	0	0
2009	 1.94		0	 0	0	0
2010	 1.97		0	 0	0	0
2011	 1.96		0	 0	0	0
2012	 1.96		0	 0	0	0
2013	 1.97		0	 0	0	0
2014	 1.95		0	 0	0	0
2015	 1.97		0	 0	0	0
2016	 1.98		0	 0	0	0
2017	 1.94		0	 0	0	0
2018	 1.97		0	 0	0	0

TOTAL Day  Violations:   2.0
TOTAL Batt  Violations:  9.0
TOTAL EMPTY Violations:  9.0
TOTAL FULL  Violations:  0.0
************************************

Run time: 0:21:23.727414


Seed ARG:  3

MODEL :  A5_TOKYO_10_12_30
SEED  :  3
HOST  :  19c994a59e65
START :  2019-04-03 10:12:30.827597
Device:  cpu
Train time: 0:21:09.029162



TOKYO
YEAR	AVG_RWD		VIOLATIONS	EMPTY	FULL
			DAY	BATT
2000	 1.93		0	 0	0	0
2001	 1.96		0	 0	0	0
2002	 1.88		0	 0	0	0
2003	 1.88		1	 7	7	0
2004	 1.91		0	 0	0	0
2005	 1.94		0	 0	0	0
2006	 1.91		0	 0	0	0
2007	 1.93		0	 0	0	0
2008	 1.92		1	 2	0	2
2009	 1.93		0	 0	0	0
2010	 1.9		0	 0	0	0
2011	 1.96		0	 0	0	0
2012	 1.94		0	 0	0	0
2013	 1.95		0	 0	0	0
2014	 1.9		2	 4	0	4
2015	 1.92		0	 0	0	0
2016	 1.94		2	 3	0	3
2017	 1.94		0	 0	0	0
2018	 1.9		2	 3	0	3

TOTAL Day  Violations:   8.0
TOTAL Batt  Violations:  19.0
TOTAL EMPTY Violations:  7.0
TOTAL FULL  Violations:  12.0
************************************

Run time: 0:21:34.836065


Seed ARG:  4

MODEL :  A5_TOKYO_10_33_32
SEED  :  4
HOST  :  19c994a59e65
START :  2019-04-03 10:33:32.009786
Device:  cpu
Train time: 0:20:51.434682



TOKYO
YEAR	AVG_RWD		VIOLATIONS	EMPTY	FULL
			DAY	BATT
2000	 1.93		0	 0	0	0
2001	 1.93		0	 0	0	0
2002	 1.9		0	 0	0	0
2003	 1.92		0	 0	0	0
2004	 1.94		0	 0	0	0
2005	 1.97		0	 0	0	0
2006	 1.93		0	 0	0	0
2007	 1.9		0	 0	0	0
2008	 1.95		0	 0	0	0
2009	 1.94		0	 0	0	0
2010	 1.92		0	 0	0	0
2011	 1.93		0	 0	0	0
2012	 1.92		0	 0	0	0
2013	 1.94		0	 0	0	0
2014	 1.97		0	 0	0	0
2015	 1.94		0	 0	0	0
2016	 1.96		0	 0	0	0
2017	 1.91		0	 0	0	0
2018	 1.96		0	 0	0	0

TOTAL Day  Violations:   0.0
TOTAL Batt  Violations:  0.0
TOTAL EMPTY Violations:  0.0
TOTAL FULL  Violations:  0.0
************************************

Run time: 0:21:17.199098


Seed ARG:  5

MODEL :  A5_TOKYO_10_33_41
SEED  :  5
HOST  :  19c994a59e65
START :  2019-04-03 10:33:41.977805
Device:  cpu
Train time: 0:21:03.893230



TOKYO
YEAR	AVG_RWD		VIOLATIONS	EMPTY	FULL
			DAY	BATT
2000	 1.79		11	 58	37	21
2001	 1.85		10	 21	0	21
2002	 1.85		10	 19	0	19
2003	 1.83		5	 23	17	6
2004	 1.75		12	 32	0	32
2005	 1.85		3	 8	0	8
2006	 1.86		5	 12	0	12
2007	 1.78		12	 29	0	29
2008	 1.82		8	 19	0	19
2009	 1.88		4	 9	0	9
2010	 1.74		12	 38	0	38
2011	 1.78		11	 29	0	29
2012	 1.74		15	 46	15	31
2013	 1.77		13	 31	0	31
2014	 1.69		16	 48	0	48
2015	 1.71		14	 39	0	39
2016	 1.8		12	 39	0	39
2017	 1.68		19	 53	0	53
2018	 1.69		20	 58	0	58

TOTAL Day  Violations:   212.0
TOTAL Batt  Violations:  611.0
TOTAL EMPTY Violations:  69.0
TOTAL FULL  Violations:  542.0
************************************

Run time: 0:21:29.839759


Seed ARG:  6

MODEL :  A5_TOKYO_10_33_55
SEED  :  6
HOST  :  19c994a59e65
START :  2019-04-03 10:33:55.230861
Device:  cpu
Train time: 0:20:52.970015



TOKYO
YEAR	AVG_RWD		VIOLATIONS	EMPTY	FULL
			DAY	BATT
2000	 1.89		3	 8	8	0
2001	 1.88		2	 9	9	0
2002	 1.9		1	 2	2	0
2003	 1.87		2	 11	11	0
2004	 1.73		9	 49	49	0
2005	 1.9		1	 2	2	0
2006	 1.81		7	 27	27	0
2007	 1.89		4	 11	11	0
2008	 1.91		3	 19	19	0
2009	 1.85		4	 17	17	0
2010	 1.89		2	 11	11	0
2011	 1.84		3	 12	12	0
2012	 1.89		3	 10	10	0
2013	 1.84		5	 22	22	0
2014	 1.86		5	 21	21	0
2015	 1.84		6	 16	16	0
2016	 1.83		8	 21	21	0
2017	 1.78		10	 26	26	0
2018	 1.9		2	 2	2	0

TOTAL Day  Violations:   80.0
TOTAL Batt  Violations:  296.0
TOTAL EMPTY Violations:  296.0
TOTAL FULL  Violations:  0.0
************************************

Run time: 0:21:18.830749


Seed ARG:  7

MODEL :  A5_TOKYO_10_34_06
SEED  :  7
HOST  :  19c994a59e65
START :  2019-04-03 10:34:06.322391
Device:  cpu
Train time: 0:20:45.798811



TOKYO
YEAR	AVG_RWD		VIOLATIONS	EMPTY	FULL
			DAY	BATT
2000	 1.75		11	 33	0	33
2001	 1.75		11	 37	0	37
2002	 1.71		14	 36	0	36
2003	 1.82		6	 15	0	15
2004	 1.65		19	 55	0	55
2005	 1.85		4	 12	0	12
2006	 1.82		7	 22	0	22
2007	 1.74		15	 48	0	48
2008	 1.87		4	 10	0	10
2009	 1.79		8	 29	0	29
2010	 1.61		18	 59	0	59
2011	 1.67		14	 48	0	48
2012	 1.73		13	 33	0	33
2013	 1.68		16	 48	0	48
2014	 1.6		23	 73	0	73
2015	 1.67		18	 52	0	52
2016	 1.68		17	 56	0	56
2017	 1.71		15	 44	0	44
2018	 1.57		21	 75	0	75

TOTAL Day  Violations:   254.0
TOTAL Batt  Violations:  785.0
TOTAL EMPTY Violations:  0.0
TOTAL FULL  Violations:  785.0
************************************

Run time: 0:21:11.045522


Seed ARG:  8

MODEL :  A5_TOKYO_10_54_49
SEED  :  8
HOST  :  19c994a59e65
START :  2019-04-03 10:54:49.887776
Device:  cpu
Train time: 0:18:47.676776



TOKYO
YEAR	AVG_RWD		VIOLATIONS	EMPTY	FULL
			DAY	BATT
2000	 1.96		0	 0	0	0
2001	 1.96		1	 2	0	2
2002	 1.91		1	 4	4	0
2003	 1.93		0	 0	0	0
2004	 1.91		1	 2	0	2
2005	 1.95		0	 0	0	0
2006	 1.95		0	 0	0	0
2007	 1.99		0	 0	0	0
2008	 1.94		0	 0	0	0
2009	 1.97		0	 0	0	0
2010	 1.95		0	 0	0	0
2011	 1.96		1	 1	0	1
2012	 1.95		0	 0	0	0
2013	 1.96		1	 1	0	1
2014	 1.94		0	 0	0	0
2015	 1.95		0	 0	0	0
2016	 1.98		0	 0	0	0
2017	 1.94		0	 0	0	0
2018	 1.97		0	 0	0	0

TOTAL Day  Violations:   5.0
TOTAL Batt  Violations:  10.0
TOTAL EMPTY Violations:  4.0
TOTAL FULL  Violations:  6.0
************************************

Run time: 0:19:12.844711


Seed ARG:  9

MODEL :  A5_TOKYO_10_55_12
SEED  :  9
HOST  :  19c994a59e65
START :  2019-04-03 10:55:12.464189
Device:  cpu
Train time: 0:19:07.219083



TOKYO
YEAR	AVG_RWD		VIOLATIONS	EMPTY	FULL
			DAY	BATT
2000	 1.98		0	 0	0	0
2001	 1.98		0	 0	0	0
2002	 1.99		0	 0	0	0
2003	 1.98		0	 0	0	0
2004	 1.97		0	 0	0	0
2005	 1.98		0	 0	0	0
2006	 1.97		0	 0	0	0
2007	 1.97		0	 0	0	0
2008	 1.98		0	 0	0	0
2009	 1.99		0	 0	0	0
2010	 1.95		0	 0	0	0
2011	 1.98		0	 0	0	0
2012	 1.97		0	 0	0	0
2013	 1.98		0	 0	0	0
2014	 1.97		0	 0	0	0
2015	 1.98		0	 0	0	0
2016	 1.95		0	 0	0	0
2017	 1.98		0	 0	0	0
2018	 1.99		0	 0	0	0

TOTAL Day  Violations:   0.0
TOTAL Batt  Violations:  0.0
TOTAL EMPTY Violations:  0.0
TOTAL FULL  Violations:  0.0
************************************

Run time: 0:19:32.024130
